2020-01-19T13:03:13+00:00 CRITICAL Uncaught Error: Call to undefined function iisset() in D:\wamp64\www\Equinetics\wp-content\plugins\buscador-equinetics\includes\views\get_horse_features.php:76
Stack trace:
#0 D:\wamp64\www\Equinetics\wp-content\plugins\buscador-equinetics\buscador-equinetics.php(163): include()
#1 D:\wamp64\www\Equinetics\wp-includes\shortcodes.php(325): get_horse_features(Array, '', 'get_horse_featu...')
#2 [internal function]: do_shortcode_tag(Array)
#3 D:\wamp64\www\Equinetics\wp-includes\shortcodes.php(199): preg_replace_callback('/\\[(\\[?)(get_ho...', 'do_shortcode_ta...', '[get_horse_feat...')
#4 D:\wamp64\www\Equinetics\wp-content\plugins\js_composer\include\helpers\helpers.php(236): do_shortcode('[get_horse_feat...')
#5 D:\wamp64\www\Equinetics\wp-content\plugins\js_composer\include\templates\shortcodes\vc_column_text.php(31): wpb_js_remove_wpautop('<p>[get_horse_f...', true)
#6 D:\wamp64\www\Equinetics\wp-content\plugins\js_composer\include\classes\shortcodes\shortcodes.php(478): include('D:\\wamp64\\www\\E...')
#7 en D:\wamp64\www\Equinetics\wp-content\plugins\buscador-equinetics\includes\views\get_horse_features.php en la línea 76

2020-01-19T13:03:23+00:00 CRITICAL Uncaught Error: Call to undefined function iisset() in D:\wamp64\www\Equinetics\wp-content\plugins\buscador-equinetics\includes\views\get_horse_features.php:76
Stack trace:
#0 D:\wamp64\www\Equinetics\wp-content\plugins\buscador-equinetics\buscador-equinetics.php(163): include()
#1 D:\wamp64\www\Equinetics\wp-includes\shortcodes.php(325): get_horse_features(Array, '', 'get_horse_featu...')
#2 [internal function]: do_shortcode_tag(Array)
#3 D:\wamp64\www\Equinetics\wp-includes\shortcodes.php(199): preg_replace_callback('/\\[(\\[?)(get_ho...', 'do_shortcode_ta...', '[get_horse_feat...')
#4 D:\wamp64\www\Equinetics\wp-content\plugins\js_composer\include\helpers\helpers.php(236): do_shortcode('[get_horse_feat...')
#5 D:\wamp64\www\Equinetics\wp-content\plugins\js_composer\include\templates\shortcodes\vc_column_text.php(31): wpb_js_remove_wpautop('<p>[get_horse_f...', true)
#6 D:\wamp64\www\Equinetics\wp-content\plugins\js_composer\include\classes\shortcodes\shortcodes.php(478): include('D:\\wamp64\\www\\E...')
#7 en D:\wamp64\www\Equinetics\wp-content\plugins\buscador-equinetics\includes\views\get_horse_features.php en la línea 76

