2019-11-04T20:52:37+00:00 CRITICAL Uncaught Error: Cannot use object of type WP_Term as array in D:\wamp64\www\Onic\equinetics\wp-content\plugins\buscador-equinetics\includes\views\buscador-form.php:89
Stack trace:
#0 D:\wamp64\www\Onic\equinetics\wp-content\plugins\buscador-equinetics\includes\class-equinetics-buscador-form.php(154): include()
#1 D:\wamp64\www\Onic\equinetics\wp-content\plugins\buscador-equinetics\buscador-equinetics.php(109): FormularioBuscador->buscador()
#2 D:\wamp64\www\Onic\equinetics\wp-includes\shortcodes.php(325): BuscadorEquinetics->equinetics_search_form('', '', 'add_equinetics_...')
#3 [internal function]: do_shortcode_tag(Array)
#4 D:\wamp64\www\Onic\equinetics\wp-includes\shortcodes.php(199): preg_replace_callback('/\\[(\\[?)(add_eq...', 'do_shortcode_ta...', '[add_equinetics...')
#5 D:\wamp64\www\Onic\equinetics\wp-includes\class-wp-hook.php(288): do_shortcode('[add_equinetics...')
#6 D:\wamp64\www\Onic\equinetics\wp-includes\plugin.php(208): WP_Hook->apply_filters('[add_equinetics...', Array)
#7 D:\wamp64\www\O en D:\wamp64\www\Onic\equinetics\wp-content\plugins\buscador-equinetics\includes\views\buscador-form.php en la línea 89

2019-11-04T20:52:51+00:00 CRITICAL Uncaught Error: Cannot use object of type WP_Term as array in D:\wamp64\www\Onic\equinetics\wp-content\plugins\buscador-equinetics\includes\views\buscador-form.php:88
Stack trace:
#0 D:\wamp64\www\Onic\equinetics\wp-content\plugins\buscador-equinetics\includes\class-equinetics-buscador-form.php(154): include()
#1 D:\wamp64\www\Onic\equinetics\wp-content\plugins\buscador-equinetics\buscador-equinetics.php(109): FormularioBuscador->buscador()
#2 D:\wamp64\www\Onic\equinetics\wp-includes\shortcodes.php(325): BuscadorEquinetics->equinetics_search_form('', '', 'add_equinetics_...')
#3 [internal function]: do_shortcode_tag(Array)
#4 D:\wamp64\www\Onic\equinetics\wp-includes\shortcodes.php(199): preg_replace_callback('/\\[(\\[?)(add_eq...', 'do_shortcode_ta...', '[add_equinetics...')
#5 D:\wamp64\www\Onic\equinetics\wp-includes\class-wp-hook.php(288): do_shortcode('[add_equinetics...')
#6 D:\wamp64\www\Onic\equinetics\wp-includes\plugin.php(208): WP_Hook->apply_filters('[add_equinetics...', Array)
#7 D:\wamp64\www\O en D:\wamp64\www\Onic\equinetics\wp-content\plugins\buscador-equinetics\includes\views\buscador-form.php en la línea 88

